[{"line":2,"elements":[{"start_timestamp":"2022-04-24T18:23:49.757Z","line":4,"name":"user could register with valid fristname and lastname and email and password and confirmPassword","description":"","id":"f01-register-|-users-could-use-register-functionality-to-open-new-accounts;user-could-register-with-valid-fristname-and-lastname-and-email-and-password-and-confirmpassword","type":"scenario","keyword":"Scenario","steps":[{"result":{"duration":30415218100,"status":"passed"},"line":5,"name":"user go to register page","match":{"location":"com.automation.step_definitions.registerStepDefinition.user_go_to_register_page()"},"keyword":"Given "},{"result":{"duration":18381892600,"status":"passed"},"line":6,"name":"user lregister with valid fristname and lastname and email and password and confirmPassword","match":{"location":"com.automation.step_definitions.registerStepDefinition.user_lregister_with_valid_fristname_and_lastname_and_email_and_password_and_confirm_password()"},"keyword":"When "},{"result":{"duration":8550292800,"status":"passed"},"line":7,"name":"user press on register button","match":{"location":"com.automation.step_definitions.registerStepDefinition.user_press_on_register_button()"},"keyword":"And "},{"result":{"duration":322814000,"status":"passed"},"line":8,"name":"user register to the system successfully","match":{"location":"com.automation.step_definitions.registerStepDefinition.user_register_to_the_system_successfully()"},"keyword":"Then "},{"result":{"duration":11888431000,"status":"passed"},"line":9,"name":"user logout to login page","match":{"location":"com.automation.step_definitions.registerStepDefinition.user_logout_to_login_page()"},"keyword":"And "}],"tags":[{"name":"@smoke12"}]}],"name":"F01_Register | users could use register functionality to open new accounts","description":"","id":"f01-register-|-users-could-use-register-functionality-to-open-new-accounts","keyword":"Feature","uri":"file:src/main/resources/features/F01_Register.feature","tags":[{"name":"@smoke12","type":"Tag","location":{"line":1,"column":1}}]},{"line":2,"elements":[{"start_timestamp":"2022-04-24T18:24:59.780Z","line":5,"name":"user could login with valid email and password","description":"","id":"f02-login-|-users-could-use-login-functionality-to-open-their-accounts;user-could-login-with-valid-email-and-password","type":"scenario","keyword":"Scenario","steps":[{"result":{"duration":4840299800,"status":"passed"},"line":6,"name":"user go to login page","match":{"location":"com.automation.step_definitions.loginStepDefinitions.go_to_login_page()"},"keyword":"Given "},{"result":{"duration":6022949400,"status":"passed"},"line":7,"name":"user login with valid email and password","match":{"location":"com.automation.step_definitions.loginStepDefinitions.valid_username_password()"},"keyword":"When "},{"result":{"duration":3425326300,"status":"passed"},"line":8,"name":"user login to the system successfully","match":{"location":"com.automation.step_definitions.loginStepDefinitions.success_login()"},"keyword":"Then "}],"tags":[{"name":"@smoke12"}]}],"name":"F02_Login | users could use login functionality to open their accounts","description":"","id":"f02-login-|-users-could-use-login-functionality-to-open-their-accounts","keyword":"Feature","uri":"file:src/main/resources/features/F02_Login.feature","tags":[{"name":"@smoke12","type":"Tag","location":{"line":1,"column":1}}]},{"line":2,"elements":[{"start_timestamp":"2022-04-24T18:25:14.126Z","line":4,"name":"users could use Rest password with vaild email","description":"","id":"f03-restpassword-|-users-could-use-rest-password-functionality;users-could-use-rest-password-with-vaild-email","type":"scenario","keyword":"Scenario","steps":[{"result":{"duration":12395163400,"status":"passed"},"line":5,"name":"user go to Rest page","match":{"location":"com.automation.step_definitions.RestPasswordStepDefinitions.user_go_to_rest_page()"},"keyword":"Given "},{"result":{"duration":1111365000,"status":"passed"},"line":6,"name":"user rest with valid email","match":{"location":"com.automation.step_definitions.RestPasswordStepDefinitions.user_rest_with_valid_email()"},"keyword":"When "},{"result":{"duration":2979294300,"status":"passed"},"line":7,"name":"user press on Recover button","match":{"location":"com.automation.step_definitions.RestPasswordStepDefinitions.user_press_on_recover_button()"},"keyword":"And "},{"result":{"duration":3300110100,"status":"passed"},"line":8,"name":"user rest password successfully","match":{"location":"com.automation.step_definitions.RestPasswordStepDefinitions.user_rest_password_successfully()"},"keyword":"Then "}],"tags":[{"name":"@smoke12"}]}],"name":"F03_RestPassword | users could use Rest password functionality","description":"","id":"f03-restpassword-|-users-could-use-rest-password-functionality","keyword":"Feature","uri":"file:src/main/resources/features/F03_RestPassword.feature","tags":[{"name":"@smoke12","type":"Tag","location":{"line":1,"column":1}}]},{"line":2,"elements":[{"start_timestamp":"2022-04-24T18:25:33.943Z","line":4,"name":"user could login with valid email and password","description":"","id":"f02-search-|-users-will-be-able-to-search-for-products-with-different-parameters;user-could-login-with-valid-email-and-password","type":"scenario","keyword":"Scenario","steps":[{"result":{"duration":6952875400,"status":"passed"},"line":5,"name":"user go to login page before sreach","match":{"location":"com.automation.step_definitions.loginBeforeSearchStepDefinitions.go_to_login_page1()"},"keyword":"Given "},{"result":{"duration":14724556900,"status":"passed"},"line":6,"name":"user login  before search with valid email and password","match":{"location":"com.automation.step_definitions.loginBeforeSearchStepDefinitions.valid_username_password()"},"keyword":"When "},{"result":{"duration":404091500,"status":"passed"},"line":7,"name":"user login to the system successfully before search","match":{"location":"com.automation.step_definitions.loginBeforeSearchStepDefinitions.success_login1()"},"keyword":"Then "}],"tags":[{"name":"@smoke12"}]},{"start_timestamp":"2022-04-24T18:25:56.061Z","line":9,"name":"user could search for product using fullname","description":"","id":"f02-search-|-users-will-be-able-to-search-for-products-with-different-parameters;user-could-search-for-product-using-fullname","type":"scenario","keyword":"Scenario","steps":[{"result":{"duration":1113662600,"status":"passed"},"line":10,"name":"user clicks on search field","match":{"location":"com.automation.step_definitions.searchStepDefinitions.user_clicks_on_search_field()"},"keyword":"Given "},{"result":{"error_message":"org.openqa.selenium.WebDriverException: disconnected: Unable to receive message from renderer\n  (Session info: chrome=100.0.4896.127)\nBuild info: version: '4.1.2', revision: '9a5a329c5a'\nSystem info: host: 'DELL-PC', ip: '172.20.10.3', os.name: 'Windows 10', os.arch: 'amd64', os.version: '10.0', java.version: '15.0.1'\nDriver info: org.openqa.selenium.chrome.ChromeDriver\nCommand: [5ff2301074e79068deecdcb531a8d391, clickElement {id=41c7ed30-63b4-4451-8755-ae81eb84e12d}]\nCapabilities {acceptInsecureCerts: false, browserName: chrome, browserVersion: 100.0.4896.127, chrome: {chromedriverVersion: 100.0.4896.60 (6a5d10861ce8..., userDataDir: C:\\Users\\dell\\AppData\\Local...}, goog:chromeOptions: {debuggerAddress: localhost:53474}, javascriptEnabled: true, networkConnectionEnabled: false, pageLoadStrategy: normal, platform: WINDOWS, platformName: WINDOWS, proxy: Proxy(), se:cdp: ws://localhost:53474/devtoo..., se:cdpVersion: 100.0.4896.127, setWindowRect: true, strictFileInteractability: false, timeouts: {implicit: 0, pageLoad: 300000, script: 30000}, unhandledPromptBehavior: dismiss and notify, webauthn:extension:credBlob: true, webauthn:extension:largeBlob: true, webauthn:virtualAuthenticators: true}\nElement: [[ChromeDriver: chrome on WINDOWS (5ff2301074e79068deecdcb531a8d391)] -> css selector: button[class=\"button-1 search-box-button\"]]\nSession ID: 5ff2301074e79068deecdcb531a8d391\r\n\tat java.base/jdk.internal.reflect.NativeConstructorAccessorImpl.newInstance0(Native Method)\r\n\tat java.base/jdk.internal.reflect.NativeConstructorAccessorImpl.newInstance(NativeConstructorAccessorImpl.java:64)\r\n\tat java.base/jdk.internal.reflect.DelegatingConstructorAccessorImpl.newInstance(DelegatingConstructorAccessorImpl.java:45)\r\n\tat java.base/java.lang.reflect.Constructor.newInstanceWithCaller(Constructor.java:500)\r\n\tat java.base/java.lang.reflect.Constructor.newInstance(Constructor.java:481)\r\n\tat org.openqa.selenium.remote.codec.w3c.W3CHttpResponseCodec.createException(W3CHttpResponseCodec.java:200)\r\n\tat org.openqa.selenium.remote.codec.w3c.W3CHttpResponseCodec.decode(W3CHttpResponseCodec.java:133)\r\n\tat org.openqa.selenium.remote.codec.w3c.W3CHttpResponseCodec.decode(W3CHttpResponseCodec.java:53)\r\n\tat org.openqa.selenium.remote.HttpCommandExecutor.execute(HttpCommandExecutor.java:184)\r\n\tat org.openqa.selenium.remote.service.DriverCommandExecutor.invokeExecute(DriverCommandExecutor.java:167)\r\n\tat org.openqa.selenium.remote.service.DriverCommandExecutor.execute(DriverCommandExecutor.java:142)\r\n\tat org.openqa.selenium.remote.RemoteWebDriver.execute(RemoteWebDriver.java:558)\r\n\tat org.openqa.selenium.remote.RemoteWebElement.execute(RemoteWebElement.java:251)\r\n\tat org.openqa.selenium.remote.RemoteWebElement.click(RemoteWebElement.java:77)\r\n\tat com.automation.pages.SearchPage.SearchBtn(SearchPage.java:21)\r\n\tat com.automation.step_definitions.searchStepDefinitions.user_search_with_name_of_product(searchStepDefinitions.java:26)\r\n\tat ✽.user search with name of product(file:///C:/Users/dell/Desktop/FwdEcommerceProject-master/src/main/resources/features/F04_Search.feature:11)\r\n","duration":2804985300,"status":"failed"},"line":11,"name":"user search with name of product","match":{"location":"com.automation.step_definitions.searchStepDefinitions.user_search_with_name_of_product()"},"keyword":"When "},{"result":{"status":"skipped"},"line":12,"name":"user could find relative results","match":{"location":"com.automation.step_definitions.searchStepDefinitions.user_could_find_relative_results()"},"keyword":"Then "}],"tags":[{"name":"@smoke12"}]}],"name":"F02_Search | users will be able to search for products with different parameters","description":"","id":"f02-search-|-users-will-be-able-to-search-for-products-with-different-parameters","keyword":"Feature","uri":"file:src/main/resources/features/F04_Search.feature","tags":[{"name":"@smoke12","type":"Tag","location":{"line":1,"column":1}}]},{"line":2,"elements":[{"start_timestamp":"2022-04-24T18:26:00.297Z","line":4,"name":"user could switch between currencies","description":"","id":"f05-switch-between-currencies-|--logged-user-could-switch-between-currencies-us-euro;user-could-switch-between-currencies","type":"scenario","keyword":"Scenario","steps":[{"result":{"duration":957817800,"status":"passed"},"line":5,"name":"user in home page","match":{"location":"com.automation.step_definitions.CurrenceStepDefinitions.user_in_home_page()"},"keyword":"Given "},{"result":{"duration":29411594400,"status":"passed"},"line":6,"name":"user detierment to Euro","match":{"location":"com.automation.step_definitions.CurrenceStepDefinitions.user_detierment_to_euro()"},"keyword":"When "},{"result":{"duration":1000100,"status":"passed"},"line":7,"name":"user switch between currencies US-Euro successfully","match":{"location":"com.automation.step_definitions.CurrenceStepDefinitions.user_switch_between_currencies_us_euro_successfully()"},"keyword":"Then "}],"tags":[{"name":"@smoke12"}]}],"name":"F05_switch_between_currencies |  Logged User could switch between currencies US-Euro","description":"","id":"f05-switch-between-currencies-|--logged-user-could-switch-between-currencies-us-euro","keyword":"Feature","uri":"file:src/main/resources/features/F05_switch_between_currencies.feature","tags":[{"name":"@smoke12","type":"Tag","location":{"line":1,"column":1}}]},{"line":2,"elements":[{"start_timestamp":"2022-04-24T18:26:30.717Z","line":5,"name":"user could select different Categories","description":"","id":"f06-select-different-categories-|--logged-user-could-select-different-categories;user-could-select-different-categories","type":"scenario","keyword":"Scenario","steps":[{"result":{"duration":388775700,"status":"passed"},"line":6,"name":"Logged user in home page","match":{"location":"com.automation.step_definitions.CategoriesStepDefinitions.logged_user_in_home_page()"},"keyword":"Given "},{"result":{"error_message":"org.openqa.selenium.NoSuchElementException: no such element: Unable to locate element: {\"method\":\"css selector\",\"selector\":\"a[href=\"/electronics\"]\"}\n  (Session info: chrome=100.0.4896.127)\nFor documentation on this error, please visit: https://selenium.dev/exceptions/#no_such_element\nBuild info: version: '4.1.2', revision: '9a5a329c5a'\nSystem info: host: 'DELL-PC', ip: '172.20.10.3', os.name: 'Windows 10', os.arch: 'amd64', os.version: '10.0', java.version: '15.0.1'\nDriver info: org.openqa.selenium.chrome.ChromeDriver\nCommand: [5ff2301074e79068deecdcb531a8d391, findElement {using=css selector, value=a[href=\"/electronics\"]}]\nCapabilities {acceptInsecureCerts: false, browserName: chrome, browserVersion: 100.0.4896.127, chrome: {chromedriverVersion: 100.0.4896.60 (6a5d10861ce8..., userDataDir: C:\\Users\\dell\\AppData\\Local...}, goog:chromeOptions: {debuggerAddress: localhost:53474}, javascriptEnabled: true, networkConnectionEnabled: false, pageLoadStrategy: normal, platform: WINDOWS, platformName: WINDOWS, proxy: Proxy(), se:cdp: ws://localhost:53474/devtoo..., se:cdpVersion: 100.0.4896.127, setWindowRect: true, strictFileInteractability: false, timeouts: {implicit: 0, pageLoad: 300000, script: 30000}, unhandledPromptBehavior: dismiss and notify, webauthn:extension:credBlob: true, webauthn:extension:largeBlob: true, webauthn:virtualAuthenticators: true}\nSession ID: 5ff2301074e79068deecdcb531a8d391\r\n\tat java.base/jdk.internal.reflect.NativeConstructorAccessorImpl.newInstance0(Native Method)\r\n\tat java.base/jdk.internal.reflect.NativeConstructorAccessorImpl.newInstance(NativeConstructorAccessorImpl.java:64)\r\n\tat java.base/jdk.internal.reflect.DelegatingConstructorAccessorImpl.newInstance(DelegatingConstructorAccessorImpl.java:45)\r\n\tat java.base/java.lang.reflect.Constructor.newInstanceWithCaller(Constructor.java:500)\r\n\tat java.base/java.lang.reflect.Constructor.newInstance(Constructor.java:481)\r\n\tat org.openqa.selenium.remote.codec.w3c.W3CHttpResponseCodec.createException(W3CHttpResponseCodec.java:200)\r\n\tat org.openqa.selenium.remote.codec.w3c.W3CHttpResponseCodec.decode(W3CHttpResponseCodec.java:133)\r\n\tat org.openqa.selenium.remote.codec.w3c.W3CHttpResponseCodec.decode(W3CHttpResponseCodec.java:53)\r\n\tat org.openqa.selenium.remote.HttpCommandExecutor.execute(HttpCommandExecutor.java:184)\r\n\tat org.openqa.selenium.remote.service.DriverCommandExecutor.invokeExecute(DriverCommandExecutor.java:167)\r\n\tat org.openqa.selenium.remote.service.DriverCommandExecutor.execute(DriverCommandExecutor.java:142)\r\n\tat org.openqa.selenium.remote.RemoteWebDriver.execute(RemoteWebDriver.java:558)\r\n\tat org.openqa.selenium.remote.ElementLocation$ElementFinder$2.findElement(ElementLocation.java:162)\r\n\tat org.openqa.selenium.remote.ElementLocation.findElement(ElementLocation.java:60)\r\n\tat org.openqa.selenium.remote.RemoteWebDriver.findElement(RemoteWebDriver.java:382)\r\n\tat org.openqa.selenium.remote.RemoteWebDriver.findElement(RemoteWebDriver.java:374)\r\n\tat com.automation.pages.CategoriesPage.selectSubCategory(CategoriesPage.java:25)\r\n\tat com.automation.step_definitions.CategoriesStepDefinitions.user_detierment_to_categories_and_hover_to_sub_categories(CategoriesStepDefinitions.java:17)\r\n\tat ✽.user detierment to Categories and Hover to sub_Categories(file:///C:/Users/dell/Desktop/FwdEcommerceProject-master/src/main/resources/features/F06_select_different_Categories.feature:7)\r\n","duration":8054293100,"status":"failed"},"line":7,"name":"user detierment to Categories and Hover to sub_Categories","match":{"location":"com.automation.step_definitions.CategoriesStepDefinitions.user_detierment_to_categories_and_hover_to_sub_categories()"},"keyword":"When "},{"result":{"status":"skipped"},"line":8,"name":"Click on sub categories successfully","match":{"location":"com.automation.step_definitions.CategoriesStepDefinitions.click_on_sub_categories_successfully()"},"keyword":"Then "}],"tags":[{"name":"@smoke12"}]}],"name":"F06_select_different_Categories |  Logged user could select different Categories","description":"","id":"f06-select-different-categories-|--logged-user-could-select-different-categories","keyword":"Feature","uri":"file:src/main/resources/features/F06_select_different_Categories.feature","tags":[{"name":"@smoke12","type":"Tag","location":{"line":1,"column":1}}]},{"line":2,"elements":[{"start_timestamp":"2022-04-24T18:26:39.215Z","line":4,"name":"user could filter with color","description":"","id":"f07-filter-with-colorfeature-|--logged-user-could-filter-with-color;user-could-filter-with-color","type":"scenario","keyword":"Scenario","steps":[{"result":{"duration":82951100,"status":"passed"},"line":5,"name":"Logged user in home page to Filter","match":{"location":"com.automation.step_definitions.FilterColorStepDeifintion.logged_user_in_home_page_to_filter()"},"keyword":"Given "},{"result":{"error_message":"org.openqa.selenium.NoSuchElementException: no such element: Unable to locate element: {\"method\":\"css selector\",\"selector\":\"a[href=\"/apparel\"]\"}\n  (Session info: chrome=100.0.4896.127)\nFor documentation on this error, please visit: https://selenium.dev/exceptions/#no_such_element\nBuild info: version: '4.1.2', revision: '9a5a329c5a'\nSystem info: host: 'DELL-PC', ip: '172.20.10.3', os.name: 'Windows 10', os.arch: 'amd64', os.version: '10.0', java.version: '15.0.1'\nDriver info: org.openqa.selenium.chrome.ChromeDriver\nCommand: [5ff2301074e79068deecdcb531a8d391, findElement {using=css selector, value=a[href=\"/apparel\"]}]\nCapabilities {acceptInsecureCerts: false, browserName: chrome, browserVersion: 100.0.4896.127, chrome: {chromedriverVersion: 100.0.4896.60 (6a5d10861ce8..., userDataDir: C:\\Users\\dell\\AppData\\Local...}, goog:chromeOptions: {debuggerAddress: localhost:53474}, javascriptEnabled: true, networkConnectionEnabled: false, pageLoadStrategy: normal, platform: WINDOWS, platformName: WINDOWS, proxy: Proxy(), se:cdp: ws://localhost:53474/devtoo..., se:cdpVersion: 100.0.4896.127, setWindowRect: true, strictFileInteractability: false, timeouts: {implicit: 0, pageLoad: 300000, script: 30000}, unhandledPromptBehavior: dismiss and notify, webauthn:extension:credBlob: true, webauthn:extension:largeBlob: true, webauthn:virtualAuthenticators: true}\nSession ID: 5ff2301074e79068deecdcb531a8d391\r\n\tat java.base/jdk.internal.reflect.NativeConstructorAccessorImpl.newInstance0(Native Method)\r\n\tat java.base/jdk.internal.reflect.NativeConstructorAccessorImpl.newInstance(NativeConstructorAccessorImpl.java:64)\r\n\tat java.base/jdk.internal.reflect.DelegatingConstructorAccessorImpl.newInstance(DelegatingConstructorAccessorImpl.java:45)\r\n\tat java.base/java.lang.reflect.Constructor.newInstanceWithCaller(Constructor.java:500)\r\n\tat java.base/java.lang.reflect.Constructor.newInstance(Constructor.java:481)\r\n\tat org.openqa.selenium.remote.codec.w3c.W3CHttpResponseCodec.createException(W3CHttpResponseCodec.java:200)\r\n\tat org.openqa.selenium.remote.codec.w3c.W3CHttpResponseCodec.decode(W3CHttpResponseCodec.java:133)\r\n\tat org.openqa.selenium.remote.codec.w3c.W3CHttpResponseCodec.decode(W3CHttpResponseCodec.java:53)\r\n\tat org.openqa.selenium.remote.HttpCommandExecutor.execute(HttpCommandExecutor.java:184)\r\n\tat org.openqa.selenium.remote.service.DriverCommandExecutor.invokeExecute(DriverCommandExecutor.java:167)\r\n\tat org.openqa.selenium.remote.service.DriverCommandExecutor.execute(DriverCommandExecutor.java:142)\r\n\tat org.openqa.selenium.remote.RemoteWebDriver.execute(RemoteWebDriver.java:558)\r\n\tat org.openqa.selenium.remote.ElementLocation$ElementFinder$2.findElement(ElementLocation.java:162)\r\n\tat org.openqa.selenium.remote.ElementLocation.findElement(ElementLocation.java:60)\r\n\tat org.openqa.selenium.remote.RemoteWebDriver.findElement(RemoteWebDriver.java:382)\r\n\tat org.openqa.selenium.remote.RemoteWebDriver.findElement(RemoteWebDriver.java:374)\r\n\tat com.automation.pages.FliterColorPage.selectSubCategory(FliterColorPage.java:24)\r\n\tat com.automation.step_definitions.FilterColorStepDeifintion.user_detierment_to_categories_like_apparel_shoes(FilterColorStepDeifintion.java:17)\r\n\tat ✽.user determined to Categories like Apparel > Shoes(file:///C:/Users/dell/Desktop/FwdEcommerceProject-master/src/main/resources/features/F07_filter_with_colorfeature.feature:6)\r\n","duration":8053542200,"status":"failed"},"line":6,"name":"user determined to Categories like Apparel > Shoes","match":{"location":"com.automation.step_definitions.FilterColorStepDeifintion.user_detierment_to_categories_like_apparel_shoes()"},"keyword":"When "},{"result":{"status":"skipped"},"line":7,"name":"Filter with blue color","match":{"location":"com.automation.step_definitions.FilterColorStepDeifintion.filter_with_blue_color()"},"keyword":"And "},{"result":{"status":"skipped"},"line":8,"name":"filtertion successfully","match":{"location":"com.automation.step_definitions.FilterColorStepDeifintion.filtertion_successfully()"},"keyword":"Then "}],"tags":[{"name":"@smoke12"}]}],"name":"F07_filter_with_colorfeature |  Logged user could filter with color","description":"","id":"f07-filter-with-colorfeature-|--logged-user-could-filter-with-color","keyword":"Feature","uri":"file:src/main/resources/features/F07_filter_with_colorfeature.feature","tags":[{"name":"@smoke12","type":"Tag","location":{"line":1,"column":1}}]},{"line":2,"elements":[{"start_timestamp":"2022-04-24T18:26:47.529Z","line":6,"name":"user could filter with color","description":"","id":"f08-productstag-|-logged-user-could-select-different-tags;user-could-filter-with-color","type":"scenario","keyword":"Scenario","steps":[{"result":{"error_message":"org.openqa.selenium.NoSuchElementException: no such element: Unable to locate element: {\"method\":\"css selector\",\"selector\":\"a[href=\"/jewelry\"]\"}\n  (Session info: chrome=100.0.4896.127)\nFor documentation on this error, please visit: https://selenium.dev/exceptions/#no_such_element\nBuild info: version: '4.1.2', revision: '9a5a329c5a'\nSystem info: host: 'DELL-PC', ip: '172.20.10.3', os.name: 'Windows 10', os.arch: 'amd64', os.version: '10.0', java.version: '15.0.1'\nDriver info: org.openqa.selenium.chrome.ChromeDriver\nCommand: [5ff2301074e79068deecdcb531a8d391, findElement {using=css selector, value=a[href=\"/jewelry\"]}]\nCapabilities {acceptInsecureCerts: false, browserName: chrome, browserVersion: 100.0.4896.127, chrome: {chromedriverVersion: 100.0.4896.60 (6a5d10861ce8..., userDataDir: C:\\Users\\dell\\AppData\\Local...}, goog:chromeOptions: {debuggerAddress: localhost:53474}, javascriptEnabled: true, networkConnectionEnabled: false, pageLoadStrategy: normal, platform: WINDOWS, platformName: WINDOWS, proxy: Proxy(), se:cdp: ws://localhost:53474/devtoo..., se:cdpVersion: 100.0.4896.127, setWindowRect: true, strictFileInteractability: false, timeouts: {implicit: 0, pageLoad: 300000, script: 30000}, unhandledPromptBehavior: dismiss and notify, webauthn:extension:credBlob: true, webauthn:extension:largeBlob: true, webauthn:virtualAuthenticators: true}\nSession ID: 5ff2301074e79068deecdcb531a8d391\r\n\tat java.base/jdk.internal.reflect.NativeConstructorAccessorImpl.newInstance0(Native Method)\r\n\tat java.base/jdk.internal.reflect.NativeConstructorAccessorImpl.newInstance(NativeConstructorAccessorImpl.java:64)\r\n\tat java.base/jdk.internal.reflect.DelegatingConstructorAccessorImpl.newInstance(DelegatingConstructorAccessorImpl.java:45)\r\n\tat java.base/java.lang.reflect.Constructor.newInstanceWithCaller(Constructor.java:500)\r\n\tat java.base/java.lang.reflect.Constructor.newInstance(Constructor.java:481)\r\n\tat org.openqa.selenium.remote.codec.w3c.W3CHttpResponseCodec.createException(W3CHttpResponseCodec.java:200)\r\n\tat org.openqa.selenium.remote.codec.w3c.W3CHttpResponseCodec.decode(W3CHttpResponseCodec.java:133)\r\n\tat org.openqa.selenium.remote.codec.w3c.W3CHttpResponseCodec.decode(W3CHttpResponseCodec.java:53)\r\n\tat org.openqa.selenium.remote.HttpCommandExecutor.execute(HttpCommandExecutor.java:184)\r\n\tat org.openqa.selenium.remote.service.DriverCommandExecutor.invokeExecute(DriverCommandExecutor.java:167)\r\n\tat org.openqa.selenium.remote.service.DriverCommandExecutor.execute(DriverCommandExecutor.java:142)\r\n\tat org.openqa.selenium.remote.RemoteWebDriver.execute(RemoteWebDriver.java:558)\r\n\tat org.openqa.selenium.remote.ElementLocation$ElementFinder$2.findElement(ElementLocation.java:162)\r\n\tat org.openqa.selenium.remote.ElementLocation.findElement(ElementLocation.java:60)\r\n\tat org.openqa.selenium.remote.RemoteWebDriver.findElement(RemoteWebDriver.java:382)\r\n\tat org.openqa.selenium.remote.RemoteWebDriver.findElement(RemoteWebDriver.java:374)\r\n\tat com.automation.pages.ProducTag.selectCategory(ProducTag.java:25)\r\n\tat com.automation.step_definitions.ProductTagStepDefinition.logged_user_in_any_category_to_select_popular_tags(ProductTagStepDefinition.java:13)\r\n\tat ✽.Logged user in Any Category to select Popular tags(file:///C:/Users/dell/Desktop/FwdEcommerceProject-master/src/main/resources/features/F08_Productstag.feature:7)\r\n","duration":8229447900,"status":"failed"},"line":7,"name":"Logged user in Any Category to select Popular tags","match":{"location":"com.automation.step_definitions.ProductTagStepDefinition.logged_user_in_any_category_to_select_popular_tags()"},"keyword":"Given "},{"result":{"status":"skipped"},"line":8,"name":"user determined to tags and assert successfully","match":{"location":"com.automation.step_definitions.ProductTagStepDefinition.user_determined_to_tags_and_assert_successfully()"},"keyword":"When "},{"result":{"status":"skipped"},"line":9,"name":"tags determined assert successfully","match":{"location":"com.automation.step_definitions.ProductTagStepDefinition.tags_determined_assert_successfully()"},"keyword":"And "},{"result":{"status":"skipped"},"line":10,"name":"user Anthor detierment to tags and assert successfully","match":{"location":"com.automation.step_definitions.ProductTagStepDefinition.user_anthor_detierment_to_tags_and_assert_successfully()"},"keyword":"Then "},{"result":{"status":"skipped"},"line":11,"name":"Anthor tags determined assert successfully","match":{"location":"com.automation.step_definitions.ProductTagStepDefinition.anthor_tags_determined_assert_successfully()"},"keyword":"And "}],"tags":[{"name":"@smoke12"}]}],"name":"F08_Productstag | Logged user could select different tags","description":"","id":"f08-productstag-|-logged-user-could-select-different-tags","keyword":"Feature","uri":"file:src/main/resources/features/F08_Productstag.feature","tags":[{"name":"@smoke12","type":"Tag","location":{"line":1,"column":1}}]},{"line":2,"elements":[{"start_timestamp":"2022-04-24T18:26:55.796Z","line":4,"name":"","description":"","id":"f09-addshoppingcart-|--logged-user-could-add-different-products-to-shopping-cart;","type":"scenario","keyword":"Scenario","steps":[{"result":{"duration":202883700,"status":"passed"},"line":5,"name":"Logged user could add different products to Shopping cart","match":{"location":"com.automation.step_definitions.AddProductToShppoingCartStepDefinition.logged_user_could_add_different_products_to_shopping_cart()"},"keyword":"Given "},{"result":{"error_message":"org.openqa.selenium.NoSuchElementException: no such element: Unable to locate element: {\"method\":\"css selector\",\"selector\":\"a[href=\"/books\"]\"}\n  (Session info: chrome=100.0.4896.127)\nFor documentation on this error, please visit: https://selenium.dev/exceptions/#no_such_element\nBuild info: version: '4.1.2', revision: '9a5a329c5a'\nSystem info: host: 'DELL-PC', ip: '172.20.10.3', os.name: 'Windows 10', os.arch: 'amd64', os.version: '10.0', java.version: '15.0.1'\nDriver info: org.openqa.selenium.chrome.ChromeDriver\nCommand: [5ff2301074e79068deecdcb531a8d391, findElement {using=css selector, value=a[href=\"/books\"]}]\nCapabilities {acceptInsecureCerts: false, browserName: chrome, browserVersion: 100.0.4896.127, chrome: {chromedriverVersion: 100.0.4896.60 (6a5d10861ce8..., userDataDir: C:\\Users\\dell\\AppData\\Local...}, goog:chromeOptions: {debuggerAddress: localhost:53474}, javascriptEnabled: true, networkConnectionEnabled: false, pageLoadStrategy: normal, platform: WINDOWS, platformName: WINDOWS, proxy: Proxy(), se:cdp: ws://localhost:53474/devtoo..., se:cdpVersion: 100.0.4896.127, setWindowRect: true, strictFileInteractability: false, timeouts: {implicit: 0, pageLoad: 300000, script: 30000}, unhandledPromptBehavior: dismiss and notify, webauthn:extension:credBlob: true, webauthn:extension:largeBlob: true, webauthn:virtualAuthenticators: true}\nSession ID: 5ff2301074e79068deecdcb531a8d391\r\n\tat java.base/jdk.internal.reflect.NativeConstructorAccessorImpl.newInstance0(Native Method)\r\n\tat java.base/jdk.internal.reflect.NativeConstructorAccessorImpl.newInstance(NativeConstructorAccessorImpl.java:64)\r\n\tat java.base/jdk.internal.reflect.DelegatingConstructorAccessorImpl.newInstance(DelegatingConstructorAccessorImpl.java:45)\r\n\tat java.base/java.lang.reflect.Constructor.newInstanceWithCaller(Constructor.java:500)\r\n\tat java.base/java.lang.reflect.Constructor.newInstance(Constructor.java:481)\r\n\tat org.openqa.selenium.remote.codec.w3c.W3CHttpResponseCodec.createException(W3CHttpResponseCodec.java:200)\r\n\tat org.openqa.selenium.remote.codec.w3c.W3CHttpResponseCodec.decode(W3CHttpResponseCodec.java:133)\r\n\tat org.openqa.selenium.remote.codec.w3c.W3CHttpResponseCodec.decode(W3CHttpResponseCodec.java:53)\r\n\tat org.openqa.selenium.remote.HttpCommandExecutor.execute(HttpCommandExecutor.java:184)\r\n\tat org.openqa.selenium.remote.service.DriverCommandExecutor.invokeExecute(DriverCommandExecutor.java:167)\r\n\tat org.openqa.selenium.remote.service.DriverCommandExecutor.execute(DriverCommandExecutor.java:142)\r\n\tat org.openqa.selenium.remote.RemoteWebDriver.execute(RemoteWebDriver.java:558)\r\n\tat org.openqa.selenium.remote.ElementLocation$ElementFinder$2.findElement(ElementLocation.java:162)\r\n\tat org.openqa.selenium.remote.ElementLocation.findElement(ElementLocation.java:60)\r\n\tat org.openqa.selenium.remote.RemoteWebDriver.findElement(RemoteWebDriver.java:382)\r\n\tat org.openqa.selenium.remote.RemoteWebDriver.findElement(RemoteWebDriver.java:374)\r\n\tat com.automation.pages.CategoriesPage.selectCategoryBook(CategoriesPage.java:29)\r\n\tat com.automation.pages.ShoppingCartPage.addFristproducte(ShoppingCartPage.java:20)\r\n\tat com.automation.step_definitions.AddProductToShppoingCartStepDefinition.user_add_frist_products_to_shopping_cart(AddProductToShppoingCartStepDefinition.java:19)\r\n\tat ✽.user add Frist products to Shopping cart(file:///C:/Users/dell/Desktop/FwdEcommerceProject-master/src/main/resources/features/F09_AddShoppingcart.feature:6)\r\n","duration":8037228800,"status":"failed"},"line":6,"name":"user add Frist products to Shopping cart","match":{"location":"com.automation.step_definitions.AddProductToShppoingCartStepDefinition.user_add_frist_products_to_shopping_cart()"},"keyword":"When "},{"result":{"status":"skipped"},"line":7,"name":"assert shopping cart have Frist product","match":{"location":"com.automation.step_definitions.AddProductToShppoingCartStepDefinition.assert_shopping_cart_have_two_product2()"},"keyword":"And "},{"result":{"duration":999900,"status":"skipped"},"line":8,"name":"user add Scoend products to Shopping cart","match":{"location":"com.automation.step_definitions.AddProductToShppoingCartStepDefinition.user_add_scoend_products_to_shopping_cart()"},"keyword":"Then "},{"result":{"status":"skipped"},"line":9,"name":"assert shopping cart have Scoend product","match":{"location":"com.automation.step_definitions.AddProductToShppoingCartStepDefinition.assert_shopping_cart_have_two_product()"},"keyword":"And "}],"tags":[{"name":"@smoke12"}]}],"name":"F09_AddShoppingcart |  Logged user could add different products to Shopping cart","description":"","id":"f09-addshoppingcart-|--logged-user-could-add-different-products-to-shopping-cart","keyword":"Feature","uri":"file:src/main/resources/features/F09_AddShoppingcart.feature","tags":[{"name":"@smoke12","type":"Tag","location":{"line":1,"column":1}}]},{"line":2,"elements":[{"start_timestamp":"2022-04-24T18:27:04.083Z","line":5,"name":"","description":"","id":"f10-addwishlistcart-|-logged-user-could-add-different-products-to-wishlist;","type":"scenario","keyword":"Scenario","steps":[{"result":{"duration":270842900,"status":"passed"},"line":6,"name":"Logged user could add different products to Wishlist cart","match":{"location":"com.automation.step_definitions.AddProductToWishListCartStepDefinition.logged_user_could_add_different_products_to_wishlist_cart()"},"keyword":"Given "},{"result":{"error_message":"org.openqa.selenium.NoSuchElementException: no such element: Unable to locate element: {\"method\":\"css selector\",\"selector\":\"a[href=\"/books\"]\"}\n  (Session info: chrome=100.0.4896.127)\nFor documentation on this error, please visit: https://selenium.dev/exceptions/#no_such_element\nBuild info: version: '4.1.2', revision: '9a5a329c5a'\nSystem info: host: 'DELL-PC', ip: '172.20.10.3', os.name: 'Windows 10', os.arch: 'amd64', os.version: '10.0', java.version: '15.0.1'\nDriver info: org.openqa.selenium.chrome.ChromeDriver\nCommand: [5ff2301074e79068deecdcb531a8d391, findElement {using=css selector, value=a[href=\"/books\"]}]\nCapabilities {acceptInsecureCerts: false, browserName: chrome, browserVersion: 100.0.4896.127, chrome: {chromedriverVersion: 100.0.4896.60 (6a5d10861ce8..., userDataDir: C:\\Users\\dell\\AppData\\Local...}, goog:chromeOptions: {debuggerAddress: localhost:53474}, javascriptEnabled: true, networkConnectionEnabled: false, pageLoadStrategy: normal, platform: WINDOWS, platformName: WINDOWS, proxy: Proxy(), se:cdp: ws://localhost:53474/devtoo..., se:cdpVersion: 100.0.4896.127, setWindowRect: true, strictFileInteractability: false, timeouts: {implicit: 0, pageLoad: 300000, script: 30000}, unhandledPromptBehavior: dismiss and notify, webauthn:extension:credBlob: true, webauthn:extension:largeBlob: true, webauthn:virtualAuthenticators: true}\nSession ID: 5ff2301074e79068deecdcb531a8d391\r\n\tat java.base/jdk.internal.reflect.NativeConstructorAccessorImpl.newInstance0(Native Method)\r\n\tat java.base/jdk.internal.reflect.NativeConstructorAccessorImpl.newInstance(NativeConstructorAccessorImpl.java:64)\r\n\tat java.base/jdk.internal.reflect.DelegatingConstructorAccessorImpl.newInstance(DelegatingConstructorAccessorImpl.java:45)\r\n\tat java.base/java.lang.reflect.Constructor.newInstanceWithCaller(Constructor.java:500)\r\n\tat java.base/java.lang.reflect.Constructor.newInstance(Constructor.java:481)\r\n\tat org.openqa.selenium.remote.codec.w3c.W3CHttpResponseCodec.createException(W3CHttpResponseCodec.java:200)\r\n\tat org.openqa.selenium.remote.codec.w3c.W3CHttpResponseCodec.decode(W3CHttpResponseCodec.java:133)\r\n\tat org.openqa.selenium.remote.codec.w3c.W3CHttpResponseCodec.decode(W3CHttpResponseCodec.java:53)\r\n\tat org.openqa.selenium.remote.HttpCommandExecutor.execute(HttpCommandExecutor.java:184)\r\n\tat org.openqa.selenium.remote.service.DriverCommandExecutor.invokeExecute(DriverCommandExecutor.java:167)\r\n\tat org.openqa.selenium.remote.service.DriverCommandExecutor.execute(DriverCommandExecutor.java:142)\r\n\tat org.openqa.selenium.remote.RemoteWebDriver.execute(RemoteWebDriver.java:558)\r\n\tat org.openqa.selenium.remote.ElementLocation$ElementFinder$2.findElement(ElementLocation.java:162)\r\n\tat org.openqa.selenium.remote.ElementLocation.findElement(ElementLocation.java:60)\r\n\tat org.openqa.selenium.remote.RemoteWebDriver.findElement(RemoteWebDriver.java:382)\r\n\tat org.openqa.selenium.remote.RemoteWebDriver.findElement(RemoteWebDriver.java:374)\r\n\tat com.automation.pages.CategoriesPage.selectCategoryBook(CategoriesPage.java:29)\r\n\tat com.automation.pages.WishListCartPage.addFristproducte(WishListCartPage.java:20)\r\n\tat com.automation.step_definitions.AddProductToWishListCartStepDefinition.user_add_frist_products_to_wishlist_cart(AddProductToWishListCartStepDefinition.java:20)\r\n\tat ✽.user add Frist products to Wishlist cart(file:///C:/Users/dell/Desktop/FwdEcommerceProject-master/src/main/resources/features/F10_AddWishlistcart.feature:7)\r\n","duration":273951671577000,"status":"failed"},"line":7,"name":"user add Frist products to Wishlist cart","match":{"location":"com.automation.step_definitions.AddProductToWishListCartStepDefinition.user_add_frist_products_to_wishlist_cart()"},"keyword":"When "},{"result":{"duration":998500,"status":"skipped"},"line":8,"name":"user add Scoend products to Wishlist cart","match":{"location":"com.automation.step_definitions.AddProductToWishListCartStepDefinition.user_add_scoend_products_to_wishlist_cart()"},"keyword":"And "},{"result":{"status":"skipped"},"line":9,"name":"assert Wishlist cart have two product","match":{"location":"com.automation.step_definitions.AddProductToWishListCartStepDefinition.assert_wishlist_cart_have_two_product()"},"keyword":"Then "}],"tags":[{"name":"@smoke12"}]}],"name":"F10_AddWishlistcart | Logged user could add different products to Wishlist","description":"","id":"f10-addwishlistcart-|-logged-user-could-add-different-products-to-wishlist","keyword":"Feature","uri":"file:src/main/resources/features/F10_AddWishlistcart.feature","tags":[{"name":"@smoke12","type":"Tag","location":{"line":1,"column":1}}]},{"line":2,"elements":[{"start_timestamp":"2022-04-27T22:32:56.414Z","line":5,"name":"could add different products to compare list","description":"","id":"f11-addtocomparecart-|-logged-user-could-add-different-products-to-compare-list;could-add-different-products-to-compare-list","type":"scenario","keyword":"Scenario","steps":[{"result":{"duration":5142681300,"status":"passed"},"line":6,"name":"Logged user could add different products to compare cart","match":{"location":"com.automation.step_definitions.AddProductToCompareCartStepDefinition.logged_user_could_add_different_products_to_compare_cart()"},"keyword":"Given "},{"result":{"error_message":"org.openqa.selenium.NoSuchElementException: no such element: Unable to locate element: {\"method\":\"css selector\",\"selector\":\"a[href=\"/books\"]\"}\n  (Session info: chrome=100.0.4896.127)\nFor documentation on this error, please visit: https://selenium.dev/exceptions/#no_such_element\nBuild info: version: '4.1.2', revision: '9a5a329c5a'\nSystem info: host: 'DELL-PC', ip: '172.20.10.3', os.name: 'Windows 10', os.arch: 'amd64', os.version: '10.0', java.version: '15.0.1'\nDriver info: org.openqa.selenium.chrome.ChromeDriver\nCommand: [5ff2301074e79068deecdcb531a8d391, findElement {using=css selector, value=a[href=\"/books\"]}]\nCapabilities {acceptInsecureCerts: false, browserName: chrome, browserVersion: 100.0.4896.127, chrome: {chromedriverVersion: 100.0.4896.60 (6a5d10861ce8..., userDataDir: C:\\Users\\dell\\AppData\\Local...}, goog:chromeOptions: {debuggerAddress: localhost:53474}, javascriptEnabled: true, networkConnectionEnabled: false, pageLoadStrategy: normal, platform: WINDOWS, platformName: WINDOWS, proxy: Proxy(), se:cdp: ws://localhost:53474/devtoo..., se:cdpVersion: 100.0.4896.127, setWindowRect: true, strictFileInteractability: false, timeouts: {implicit: 0, pageLoad: 300000, script: 30000}, unhandledPromptBehavior: dismiss and notify, webauthn:extension:credBlob: true, webauthn:extension:largeBlob: true, webauthn:virtualAuthenticators: true}\nSession ID: 5ff2301074e79068deecdcb531a8d391\r\n\tat java.base/jdk.internal.reflect.NativeConstructorAccessorImpl.newInstance0(Native Method)\r\n\tat java.base/jdk.internal.reflect.NativeConstructorAccessorImpl.newInstance(NativeConstructorAccessorImpl.java:64)\r\n\tat java.base/jdk.internal.reflect.DelegatingConstructorAccessorImpl.newInstance(DelegatingConstructorAccessorImpl.java:45)\r\n\tat java.base/java.lang.reflect.Constructor.newInstanceWithCaller(Constructor.java:500)\r\n\tat java.base/java.lang.reflect.Constructor.newInstance(Constructor.java:481)\r\n\tat org.openqa.selenium.remote.codec.w3c.W3CHttpResponseCodec.createException(W3CHttpResponseCodec.java:200)\r\n\tat org.openqa.selenium.remote.codec.w3c.W3CHttpResponseCodec.decode(W3CHttpResponseCodec.java:133)\r\n\tat org.openqa.selenium.remote.codec.w3c.W3CHttpResponseCodec.decode(W3CHttpResponseCodec.java:53)\r\n\tat org.openqa.selenium.remote.HttpCommandExecutor.execute(HttpCommandExecutor.java:184)\r\n\tat org.openqa.selenium.remote.service.DriverCommandExecutor.invokeExecute(DriverCommandExecutor.java:167)\r\n\tat org.openqa.selenium.remote.service.DriverCommandExecutor.execute(DriverCommandExecutor.java:142)\r\n\tat org.openqa.selenium.remote.RemoteWebDriver.execute(RemoteWebDriver.java:558)\r\n\tat org.openqa.selenium.remote.ElementLocation$ElementFinder$2.findElement(ElementLocation.java:162)\r\n\tat org.openqa.selenium.remote.ElementLocation.findElement(ElementLocation.java:60)\r\n\tat org.openqa.selenium.remote.RemoteWebDriver.findElement(RemoteWebDriver.java:382)\r\n\tat org.openqa.selenium.remote.RemoteWebDriver.findElement(RemoteWebDriver.java:374)\r\n\tat com.automation.pages.CategoriesPage.selectCategoryBook(CategoriesPage.java:29)\r\n\tat com.automation.pages.CompareListCartPage.addFristproducte(CompareListCartPage.java:19)\r\n\tat com.automation.step_definitions.AddProductToCompareCartStepDefinition.user_add_frist_products_to_compare_cart(AddProductToCompareCartStepDefinition.java:20)\r\n\tat ✽.user add Frist products to compare cart(file:///C:/Users/dell/Desktop/FwdEcommerceProject-master/src/main/resources/features/F11_Addtocomparecart.feature:7)\r\n","duration":179203991300,"status":"failed"},"line":7,"name":"user add Frist products to compare cart","match":{"location":"com.automation.step_definitions.AddProductToCompareCartStepDefinition.user_add_frist_products_to_compare_cart()"},"keyword":"When "},{"result":{"status":"skipped"},"line":8,"name":"user add Scoend products to compare cart","match":{"location":"com.automation.step_definitions.AddProductToCompareCartStepDefinition.user_add_scoend_products_to_compare_cart()"},"keyword":"And "},{"result":{"status":"skipped"},"line":9,"name":"assert compare cart have two product","match":{"location":"com.automation.step_definitions.AddProductToCompareCartStepDefinition.assert_compare_cart_have_two_product()"},"keyword":"Then "}],"tags":[{"name":"@smoke12"}]}],"name":"F11_Addtocomparecart | Logged user could add different products to compare list","description":"","id":"f11-addtocomparecart-|-logged-user-could-add-different-products-to-compare-list","keyword":"Feature","uri":"file:src/main/resources/features/F11_Addtocomparecart.feature","tags":[{"name":"@smoke12","type":"Tag","location":{"line":1,"column":1}}]},{"line":2,"elements":[{"start_timestamp":"2022-04-27T22:36:00.785Z","line":5,"name":"User Can Create Syccessful Order","description":"","id":"f12createsuccessfulorder-|-create-successful-order;user-can-create-syccessful-order","type":"scenario","keyword":"Scenario","steps":[{"result":{"error_message":"org.openqa.selenium.NoSuchElementException: no such element: Unable to locate element: {\"method\":\"css selector\",\"selector\":\"#topcartlink\"}\n  (Session info: chrome=100.0.4896.127)\nFor documentation on this error, please visit: https://selenium.dev/exceptions/#no_such_element\nBuild info: version: '4.1.2', revision: '9a5a329c5a'\nSystem info: host: 'DELL-PC', ip: '172.20.10.3', os.name: 'Windows 10', os.arch: 'amd64', os.version: '10.0', java.version: '15.0.1'\nDriver info: org.openqa.selenium.chrome.ChromeDriver\nCommand: [5ff2301074e79068deecdcb531a8d391, findElement {using=id, value=topcartlink}]\nCapabilities {acceptInsecureCerts: false, browserName: chrome, browserVersion: 100.0.4896.127, chrome: {chromedriverVersion: 100.0.4896.60 (6a5d10861ce8..., userDataDir: C:\\Users\\dell\\AppData\\Local...}, goog:chromeOptions: {debuggerAddress: localhost:53474}, javascriptEnabled: true, networkConnectionEnabled: false, pageLoadStrategy: normal, platform: WINDOWS, platformName: WINDOWS, proxy: Proxy(), se:cdp: ws://localhost:53474/devtoo..., se:cdpVersion: 100.0.4896.127, setWindowRect: true, strictFileInteractability: false, timeouts: {implicit: 0, pageLoad: 300000, script: 30000}, unhandledPromptBehavior: dismiss and notify, webauthn:extension:credBlob: true, webauthn:extension:largeBlob: true, webauthn:virtualAuthenticators: true}\nSession ID: 5ff2301074e79068deecdcb531a8d391\r\n\tat java.base/jdk.internal.reflect.NativeConstructorAccessorImpl.newInstance0(Native Method)\r\n\tat java.base/jdk.internal.reflect.NativeConstructorAccessorImpl.newInstance(NativeConstructorAccessorImpl.java:64)\r\n\tat java.base/jdk.internal.reflect.DelegatingConstructorAccessorImpl.newInstance(DelegatingConstructorAccessorImpl.java:45)\r\n\tat java.base/java.lang.reflect.Constructor.newInstanceWithCaller(Constructor.java:500)\r\n\tat java.base/java.lang.reflect.Constructor.newInstance(Constructor.java:481)\r\n\tat org.openqa.selenium.remote.codec.w3c.W3CHttpResponseCodec.createException(W3CHttpResponseCodec.java:200)\r\n\tat org.openqa.selenium.remote.codec.w3c.W3CHttpResponseCodec.decode(W3CHttpResponseCodec.java:133)\r\n\tat org.openqa.selenium.remote.codec.w3c.W3CHttpResponseCodec.decode(W3CHttpResponseCodec.java:53)\r\n\tat org.openqa.selenium.remote.HttpCommandExecutor.execute(HttpCommandExecutor.java:184)\r\n\tat org.openqa.selenium.remote.service.DriverCommandExecutor.invokeExecute(DriverCommandExecutor.java:167)\r\n\tat org.openqa.selenium.remote.service.DriverCommandExecutor.execute(DriverCommandExecutor.java:142)\r\n\tat org.openqa.selenium.remote.RemoteWebDriver.execute(RemoteWebDriver.java:558)\r\n\tat org.openqa.selenium.remote.ElementLocation$ElementFinder$2.findElement(ElementLocation.java:162)\r\n\tat org.openqa.selenium.remote.ElementLocation.findElement(ElementLocation.java:60)\r\n\tat org.openqa.selenium.remote.RemoteWebDriver.findElement(RemoteWebDriver.java:382)\r\n\tat org.openqa.selenium.remote.RemoteWebDriver.findElement(RemoteWebDriver.java:374)\r\n\tat com.automation.pages.CheckOutPage.GotoCart(CheckOutPage.java:69)\r\n\tat com.automation.step_definitions.CreateOrderStepDefinition.user_got_to_shopping_cart(CreateOrderStepDefinition.java:13)\r\n\tat ✽.User Go to Shopping cart(file:///C:/Users/dell/Desktop/FwdEcommerceProject-master/src/main/resources/features/F12CreatesuccessfulOrder.feature:6)\r\n","duration":15118527300,"status":"failed"},"line":6,"name":"User Go to Shopping cart","match":{"location":"com.automation.step_definitions.CreateOrderStepDefinition.user_got_to_shopping_cart()"},"keyword":"Given "},{"result":{"duration":999800,"status":"skipped"},"line":7,"name":"user Complete Data to create order","match":{"location":"com.automation.step_definitions.CreateOrderStepDefinition.user_complete_data_to_create_order()"},"keyword":"When "},{"result":{"status":"skipped"},"line":9,"name":"assert user created order successful","match":{"location":"com.automation.step_definitions.CreateOrderStepDefinition.assert_user_created_order_successful()"},"keyword":"Then "}],"tags":[{"name":"@smoke12"}]}],"name":"F12CreatesuccessfulOrder | Create successful Order","description":"","id":"f12createsuccessfulorder-|-create-successful-order","keyword":"Feature","uri":"file:src/main/resources/features/F12CreatesuccessfulOrder.feature","tags":[{"name":"@smoke12","type":"Tag","location":{"line":1,"column":1}}]}]